<?xml version="1.0" encoding="UTF-8"?>
<testsuite errors="0" failures="0" name="Running a test" skipped="0" tests="1" time="4.002781">
<testcase classname="Running a test" name="Example steps" time="4.002781">
  <system-out/>
  <system-err/>
</testcase>
  <system-out>
    <![CDATA[Using installed ios-sim at /usr/local/bin/ios-sim
Using installed ios-sim at /usr/local/bin/ios-sim
Waiting for App to be ready
]]>
  </system-out>
  <system-err>
    <![CDATA[]]>
  </system-err>
</testsuite>
