<?xml version='1.0' encoding='UTF-8' ?>
<testsuite errors="0" failures="0" hostname="ustwo-ldn-alex-fish-mbp13r.local" name="YoloTests" tests="1" time="0.0" timestamp="2013-06-05 13:28:06 +0100"><testcase classname='YoloTests' name='testExample' time='0.0' />
</testsuite>
