<?xml version='1.0' encoding='UTF-8' ?>
<testsuite errors="0" failures="0" hostname="Alexs-MBP.local" name="YoloTests" tests="1" time="0.0" timestamp="2013-05-12 19:27:56 +0100"><testcase classname='YoloTests' name='testExample' time='0.0' />
</testsuite>
